#
# There is insufficient memory for the Java Runtime Environment to continue.
# Native memory allocation (malloc) failed to allocate 201456 bytes. Error detail: Chunk::new
# Possible reasons:
#   The system is out of physical RAM or swap space
#   This process is running with CompressedOops enabled, and the Java Heap may be blocking the growth of the native heap
# Possible solutions:
#   Reduce memory load on the system
#   Increase physical memory or swap space
#   Check if swap backing store is full
#   Decrease Java heap size (-Xmx/-Xms)
#   Decrease number of Java threads
#   Decrease Java thread stack sizes (-Xss)
#   Set larger code cache with -XX:ReservedCodeCacheSize=
#   JVM is running with Unscaled Compressed Oops mode in which the Java heap is
#     placed in the first 4GB address space. The Java Heap base address is the
#     maximum limit for the native heap growth. Please use -XX:HeapBaseMinAddress
#     to set the Java Heap base and to place the Java Heap above 4GB virtual address.
# This output file may be truncated or incomplete.
#
#  Out of Memory Error (arena.cpp:168), pid=31172, tid=14052
#
# JRE version: OpenJDK Runtime Environment Temurin-21.0.8+9 (21.0.8+9) (build 21.0.8+9-LTS)
# Java VM: OpenJDK 64-Bit Server VM Temurin-21.0.8+9 (21.0.8+9-LTS, mixed mode, sharing, tiered, compressed oops, compressed class ptrs, parallel gc, windows-amd64)
# No core dump will be written. Minidumps are not enabled by default on client versions of Windows
#

---------------  S U M M A R Y ------------

Command Line: --add-modules=ALL-SYSTEM --add-opens=java.base/java.util=ALL-UNNAMED --add-opens=java.base/java.lang=ALL-UNNAMED --add-opens=java.base/sun.nio.fs=ALL-UNNAMED -Declipse.application=org.eclipse.jdt.ls.core.id1 -Dosgi.bundles.defaultStartLevel=4 -Declipse.product=org.eclipse.jdt.ls.core.product -Djava.import.generatesMetadataFilesAtProjectRoot=false -DDetectVMInstallationsJob.disabled=true -Dfile.encoding=utf8 -XX:+UseParallelGC -XX:GCTimeRatio=4 -XX:AdaptiveSizePolicyWeight=90 -Dsun.zip.disableMemoryMapping=true -Xmx2G -Xms100m -Xlog:disable -javaagent:c:\Users\harrison.oliviera\.vscode\extensions\redhat.java-1.44.0-win32-x64\lombok\lombok-1.18.39-4050.jar -XX:+HeapDumpOnOutOfMemoryError -XX:HeapDumpPath=c:\Users\harrison.oliviera\AppData\Roaming\Code\User\workspaceStorage\60b0f742b31fef2e49c2b1c279e96e0e\redhat.java -Daether.dependencyCollector.impl=bf c:\Users\harrison.oliviera\.vscode\extensions\redhat.java-1.44.0-win32-x64\server\plugins\org.eclipse.equinox.launcher_1.7.0.v20250519-0528.jar -configuration c:\Users\harrison.oliviera\AppData\Roaming\Code\User\globalStorage\redhat.java\1.44.0\config_win -data c:\Users\harrison.oliviera\AppData\Roaming\Code\User\workspaceStorage\60b0f742b31fef2e49c2b1c279e96e0e\redhat.java\jdt_ws --pipe=\\.\pipe\lsp-269f0afe941087e25e71439f4936c118-sock

Host: 11th Gen Intel(R) Core(TM) i5-1135G7 @ 2.40GHz, 8 cores, 15G,  Windows 11 , 64 bit Build 26100 (10.0.26100.4768)
Time: Thu Aug  7 01:24:46 2025 Hora oficial do Brasil elapsed time: 10.267080 seconds (0d 0h 0m 10s)

---------------  T H R E A D  ---------------

Current thread (0x000001ce738a6670):  JavaThread "C2 CompilerThread2" daemon [_thread_in_native, id=14052, stack(0x00000010d4800000,0x00000010d4900000) (1024K)]


Current CompileTask:
C2:10267 1600       4       lombok.patcher.scripts.AddFieldScript::patch (55 bytes)

Stack: [0x00000010d4800000,0x00000010d4900000]
Native frames: (J=compiled Java code, j=interpreted, Vv=VM code, C=native code)
V  [jvm.dll+0x6d2449]
V  [jvm.dll+0x8ae341]
V  [jvm.dll+0x8b08be]
V  [jvm.dll+0x8b0fa3]
V  [jvm.dll+0x280c96]
V  [jvm.dll+0xc581d]
V  [jvm.dll+0xc5d53]
V  [jvm.dll+0x2f539d]
V  [jvm.dll+0x5fa00a]
V  [jvm.dll+0x252092]
V  [jvm.dll+0x24ab3f]
V  [jvm.dll+0x2483a4]
V  [jvm.dll+0x1c89ee]
V  [jvm.dll+0x257d4d]
V  [jvm.dll+0x2562ea]
V  [jvm.dll+0x3f2d16]
V  [jvm.dll+0x857e6b]
V  [jvm.dll+0x6d0b0d]
C  [ucrtbase.dll+0x37b0]
C  [KERNEL32.DLL+0x2e8d7]
C  [ntdll.dll+0x3c34c]


---------------  P R O C E S S  ---------------

Threads class SMR info:
_java_thread_list=0x000001ce738d3530, length=14, elements={
0x000001ce1370b530, 0x000001ce15abcb70, 0x000001ce15973f60, 0x000001ce159799b0,
0x000001ce1597a400, 0x000001ce1597ae50, 0x000001ce1597b8a0, 0x000001ce1597c6d0,
0x000001ce7303eb00, 0x000001ce730b88d0, 0x000001ce7331aa70, 0x000001ce731cea50,
0x000001ce738a6670, 0x000001ce73b30f00
}

Java Threads: ( => current thread )
  0x000001ce1370b530 JavaThread "main"                              [_thread_in_vm, id=7912, stack(0x00000010d3200000,0x00000010d3300000) (1024K)]
  0x000001ce15abcb70 JavaThread "Reference Handler"          daemon [_thread_blocked, id=82532, stack(0x00000010d3600000,0x00000010d3700000) (1024K)]
  0x000001ce15973f60 JavaThread "Finalizer"                  daemon [_thread_blocked, id=52812, stack(0x00000010d3700000,0x00000010d3800000) (1024K)]
  0x000001ce159799b0 JavaThread "Signal Dispatcher"          daemon [_thread_blocked, id=57464, stack(0x00000010d3800000,0x00000010d3900000) (1024K)]
  0x000001ce1597a400 JavaThread "Attach Listener"            daemon [_thread_blocked, id=49224, stack(0x00000010d3900000,0x00000010d3a00000) (1024K)]
  0x000001ce1597ae50 JavaThread "Service Thread"             daemon [_thread_blocked, id=65344, stack(0x00000010d3a00000,0x00000010d3b00000) (1024K)]
  0x000001ce1597b8a0 JavaThread "Monitor Deflation Thread"   daemon [_thread_blocked, id=13024, stack(0x00000010d3b00000,0x00000010d3c00000) (1024K)]
  0x000001ce1597c6d0 JavaThread "C2 CompilerThread0"         daemon [_thread_in_native, id=34936, stack(0x00000010d3c00000,0x00000010d3d00000) (1024K)]
  0x000001ce7303eb00 JavaThread "C1 CompilerThread0"         daemon [_thread_blocked, id=81044, stack(0x00000010d3d00000,0x00000010d3e00000) (1024K)]
  0x000001ce730b88d0 JavaThread "Common-Cleaner"             daemon [_thread_blocked, id=67996, stack(0x00000010d3e00000,0x00000010d3f00000) (1024K)]
  0x000001ce7331aa70 JavaThread "Notification Thread"        daemon [_thread_blocked, id=49656, stack(0x00000010d4100000,0x00000010d4200000) (1024K)]
  0x000001ce731cea50 JavaThread "C2 CompilerThread1"         daemon [_thread_in_vm, id=59136, stack(0x00000010d3f00000,0x00000010d4000000) (1024K)]
=>0x000001ce738a6670 JavaThread "C2 CompilerThread2"         daemon [_thread_in_native, id=14052, stack(0x00000010d4800000,0x00000010d4900000) (1024K)]
  0x000001ce73b30f00 JavaThread "Active Thread: Equinox Container: 8d9c6296-7a7b-4cf5-afe8-f7671ceefe19"        [_thread_blocked, id=10624, stack(0x00000010d4900000,0x00000010d4a00000) (1024K)]
Total: 14

Other Threads:
  0x000001ce15972e70 VMThread "VM Thread"                           [id=86960, stack(0x00000010d3500000,0x00000010d3600000) (1024K)]
  0x000001ce15a6c480 WatcherThread "VM Periodic Task Thread"        [id=34912, stack(0x00000010d3400000,0x00000010d3500000) (1024K)]
  0x000001ce15a1ca40 WorkerThread "GC Thread#0"                     [id=80356, stack(0x00000010d3300000,0x00000010d3400000) (1024K)]
  0x000001ce7381cde0 WorkerThread "GC Thread#1"                     [id=83204, stack(0x00000010d4200000,0x00000010d4300000) (1024K)]
  0x000001ce7381d180 WorkerThread "GC Thread#2"                     [id=20404, stack(0x00000010d4300000,0x00000010d4400000) (1024K)]
  0x000001ce7381d520 WorkerThread "GC Thread#3"                     [id=30908, stack(0x00000010d4400000,0x00000010d4500000) (1024K)]
  0x000001ce73821d80 WorkerThread "GC Thread#4"                     [id=51724, stack(0x00000010d4500000,0x00000010d4600000) (1024K)]
  0x000001ce73822120 WorkerThread "GC Thread#5"                     [id=52332, stack(0x00000010d4600000,0x00000010d4700000) (1024K)]
  0x000001ce738224c0 WorkerThread "GC Thread#6"                     [id=60312, stack(0x00000010d4700000,0x00000010d4800000) (1024K)]
Total: 9

Threads with active compile tasks:
C2 CompilerThread0  10299 1618   !   4       java.util.concurrent.ConcurrentHashMap::putVal (432 bytes)
C2 CompilerThread1  10300 1619   !   4       lombok.patcher.ScriptManager$OurClassFileTransformer::transform (473 bytes)
C2 CompilerThread2  10300 1600       4       lombok.patcher.scripts.AddFieldScript::patch (55 bytes)
Total: 3

VM state: not at safepoint (normal execution)

VM Mutex/Monitor currently owned by a thread: None

Heap address: 0x0000000080000000, size: 2048 MB, Compressed Oops mode: 32-bit

CDS archive(s) mapped at: [0x000001ce2d000000-0x000001ce2dba0000-0x000001ce2dba0000), size 12189696, SharedBaseAddress: 0x000001ce2d000000, ArchiveRelocationMode: 1.
Compressed class space mapped at: 0x000001ce2e000000-0x000001ce6e000000, reserved size: 1073741824
Narrow klass base: 0x000001ce2d000000, Narrow klass shift: 0, Narrow klass range: 0x100000000

GC Precious Log:
 CardTable entry size: 512
 CPUs: 8 total, 8 available
 Memory: 16126M
 Large Page Support: Disabled
 NUMA Support: Disabled
 Compressed Oops: Enabled (32-bit)
 Alignments: Space 512K, Generation 512K, Heap 2M
 Heap Min Capacity: 100M
 Heap Initial Capacity: 100M
 Heap Max Capacity: 2G
 Pre-touch: Disabled
 Parallel Workers: 8

Heap:
 PSYoungGen      total 29696K, used 21874K [0x00000000d5580000, 0x00000000d7680000, 0x0000000100000000)
  eden space 25600K, 72% used [0x00000000d5580000,0x00000000d679ee30,0x00000000d6e80000)
  from space 4096K, 81% used [0x00000000d6e80000,0x00000000d71bdba8,0x00000000d7280000)
  to   space 4096K, 0% used [0x00000000d7280000,0x00000000d7280000,0x00000000d7680000)
 ParOldGen       total 68608K, used 16K [0x0000000080000000, 0x0000000084300000, 0x00000000d5580000)
  object space 68608K, 0% used [0x0000000080000000,0x0000000080004000,0x0000000084300000)
 Metaspace       used 7000K, committed 7296K, reserved 1114112K
  class space    used 716K, committed 832K, reserved 1048576K

Card table byte_map: [0x000001ce153a0000,0x000001ce157b0000] _byte_map_base: 0x000001ce14fa0000

Marking Bits: (ParMarkBitMap*) 0x00007ffc6025a340
 Begin Bits: [0x000001ce27ea0000, 0x000001ce29ea0000)
 End Bits:   [0x000001ce29ea0000, 0x000001ce2bea0000)

Polling page: 0x000001ce13830000

Metaspace:

Usage:
  Non-class:      6.14 MB used.
      Class:    716.61 KB used.
       Both:      6.84 MB used.

Virtual space:
  Non-class space:       64.00 MB reserved,       6.31 MB ( 10%) committed,  1 nodes.
      Class space:        1.00 GB reserved,     832.00 KB ( <1%) committed,  1 nodes.
             Both:        1.06 GB reserved,       7.12 MB ( <1%) committed. 

Chunk freelists:
   Non-Class:  9.48 MB
       Class:  15.01 MB
        Both:  24.50 MB

MaxMetaspaceSize: unlimited
CompressedClassSpaceSize: 1.00 GB
Initial GC threshold: 21.00 MB
Current GC threshold: 21.00 MB
CDS: on
 - commit_granule_bytes: 65536.
 - commit_granule_words: 8192.
 - virtual_space_node_default_size: 8388608.
 - enlarge_chunks_in_place: 1.
 - use_allocation_guard: 0.


Internal statistics:

num_allocs_failed_limit: 0.
num_arena_births: 212.
num_arena_deaths: 0.
num_vsnodes_births: 2.
num_vsnodes_deaths: 0.
num_space_committed: 114.
num_space_uncommitted: 0.
num_chunks_returned_to_freelist: 0.
num_chunks_taken_from_freelist: 362.
num_chunk_merges: 0.
num_chunk_splits: 236.
num_chunks_enlarged: 154.
num_inconsistent_stats: 0.

CodeHeap 'non-profiled nmethods': size=120000Kb used=701Kb max_used=701Kb free=119298Kb
 bounds [0x000001ce206c0000, 0x000001ce20930000, 0x000001ce27bf0000]
CodeHeap 'profiled nmethods': size=120000Kb used=2818Kb max_used=2818Kb free=117181Kb
 bounds [0x000001ce18bf0000, 0x000001ce18ec0000, 0x000001ce20120000]
CodeHeap 'non-nmethods': size=5760Kb used=1223Kb max_used=1257Kb free=4536Kb
 bounds [0x000001ce20120000, 0x000001ce20390000, 0x000001ce206c0000]
CodeCache: size=245760Kb, used=4742Kb, max_used=4776Kb, free=241015Kb
 total_blobs=2093, nmethods=1615, adapters=385, full_count=0
Compilation: enabled, stopped_count=0, restarted_count=0

Compilation events (20 events):
Event: 7.231 Thread 0x000001ce7303eb00 nmethod 1593 0x000001ce18ea5c10 code [0x000001ce18ea5dc0, 0x000001ce18ea5ff8]
Event: 7.231 Thread 0x000001ce7303eb00 1594       3       java.util.HashSet::remove (20 bytes)
Event: 7.231 Thread 0x000001ce7303eb00 nmethod 1594 0x000001ce18ea6090 code [0x000001ce18ea6240, 0x000001ce18ea6468]
Event: 7.231 Thread 0x000001ce7303eb00 1595       3       java.util.stream.StreamOpFlag::combineOpFlags (9 bytes)
Event: 7.232 Thread 0x000001ce7303eb00 nmethod 1595 0x000001ce18ea6510 code [0x000001ce18ea66c0, 0x000001ce18ea6870]
Event: 7.232 Thread 0x000001ce7303eb00 1596       3       java.util.stream.StreamOpFlag::getMask (30 bytes)
Event: 7.232 Thread 0x000001ce7303eb00 nmethod 1596 0x000001ce18ea6910 code [0x000001ce18ea6ac0, 0x000001ce18ea6c30]
Event: 7.232 Thread 0x000001ce7303eb00 1599       3       java.util.stream.AbstractPipeline::isParallel (8 bytes)
Event: 7.232 Thread 0x000001ce7303eb00 nmethod 1599 0x000001ce18ea6c90 code [0x000001ce18ea6e20, 0x000001ce18ea6f38]
Event: 7.232 Thread 0x000001ce7303eb00 1597       3       java.util.stream.AbstractPipeline::<init> (91 bytes)
Event: 7.232 Thread 0x000001ce7303eb00 nmethod 1597 0x000001ce18ea7010 code [0x000001ce18ea7200, 0x000001ce18ea77a0]
Event: 7.232 Thread 0x000001ce7303eb00 1598       1       java.util.ImmutableCollections$SetN::size (5 bytes)
Event: 7.232 Thread 0x000001ce7303eb00 nmethod 1598 0x000001ce2076ce10 code [0x000001ce2076cfa0, 0x000001ce2076d068]
Event: 7.233 Thread 0x000001ce738a6670 1600       4       lombok.patcher.scripts.AddFieldScript::patch (55 bytes)
Event: 7.237 Thread 0x000001ce7303eb00 1601       3       java.lang.invoke.MemberName::<init> (50 bytes)
Event: 7.237 Thread 0x000001ce7303eb00 nmethod 1601 0x000001ce18ea7990 code [0x000001ce18ea7b80, 0x000001ce18ea7ea0]
Event: 7.237 Thread 0x000001ce7303eb00 1604   !   3       java.net.URLClassLoader::findClass (47 bytes)
Event: 7.237 Thread 0x000001ce7303eb00 nmethod 1604 0x000001ce18ea8010 code [0x000001ce18ea8200, 0x000001ce18ea8850]
Event: 7.237 Thread 0x000001ce7303eb00 1605       3       java.net.URLClassLoader$1::<init> (15 bytes)
Event: 7.238 Thread 0x000001ce7303eb00 nmethod 1605 0x000001ce18ea8a90 code [0x000001ce18ea8c40, 0x000001ce18ea8dd8]

GC Heap History (2 events):
Event: 3.740 GC heap before
{Heap before GC invocations=1 (full 0):
 PSYoungGen      total 29696K, used 25600K [0x00000000d5580000, 0x00000000d7680000, 0x0000000100000000)
  eden space 25600K, 100% used [0x00000000d5580000,0x00000000d6e80000,0x00000000d6e80000)
  from space 4096K, 0% used [0x00000000d7280000,0x00000000d7280000,0x00000000d7680000)
  to   space 4096K, 0% used [0x00000000d6e80000,0x00000000d6e80000,0x00000000d7280000)
 ParOldGen       total 68608K, used 0K [0x0000000080000000, 0x0000000084300000, 0x00000000d5580000)
  object space 68608K, 0% used [0x0000000080000000,0x0000000080000000,0x0000000084300000)
 Metaspace       used 4323K, committed 4608K, reserved 1114112K
  class space    used 471K, committed 576K, reserved 1048576K
}
Event: 3.750 GC heap after
{Heap after GC invocations=1 (full 0):
 PSYoungGen      total 29696K, used 3318K [0x00000000d5580000, 0x00000000d7680000, 0x0000000100000000)
  eden space 25600K, 0% used [0x00000000d5580000,0x00000000d5580000,0x00000000d6e80000)
  from space 4096K, 81% used [0x00000000d6e80000,0x00000000d71bdba8,0x00000000d7280000)
  to   space 4096K, 0% used [0x00000000d7280000,0x00000000d7280000,0x00000000d7680000)
 ParOldGen       total 68608K, used 16K [0x0000000080000000, 0x0000000084300000, 0x00000000d5580000)
  object space 68608K, 0% used [0x0000000080000000,0x0000000080004000,0x0000000084300000)
 Metaspace       used 4323K, committed 4608K, reserved 1114112K
  class space    used 471K, committed 576K, reserved 1048576K
}

Dll operation events (8 events):
Event: 0.039 Loaded shared library c:\Users\harrison.oliviera\.vscode\extensions\redhat.java-1.44.0-win32-x64\jre\21.0.8-win32-x86_64\bin\java.dll
Event: 0.330 Loaded shared library c:\Users\harrison.oliviera\.vscode\extensions\redhat.java-1.44.0-win32-x64\jre\21.0.8-win32-x86_64\bin\zip.dll
Event: 1.390 Loaded shared library C:\Users\harrison.oliviera\.vscode\extensions\redhat.java-1.44.0-win32-x64\jre\21.0.8-win32-x86_64\bin\instrument.dll
Event: 1.397 Loaded shared library C:\Users\harrison.oliviera\.vscode\extensions\redhat.java-1.44.0-win32-x64\jre\21.0.8-win32-x86_64\bin\net.dll
Event: 1.403 Loaded shared library C:\Users\harrison.oliviera\.vscode\extensions\redhat.java-1.44.0-win32-x64\jre\21.0.8-win32-x86_64\bin\nio.dll
Event: 1.407 Loaded shared library C:\Users\harrison.oliviera\.vscode\extensions\redhat.java-1.44.0-win32-x64\jre\21.0.8-win32-x86_64\bin\zip.dll
Event: 1.431 Loaded shared library C:\Users\harrison.oliviera\.vscode\extensions\redhat.java-1.44.0-win32-x64\jre\21.0.8-win32-x86_64\bin\jimage.dll
Event: 1.551 Loaded shared library c:\Users\harrison.oliviera\.vscode\extensions\redhat.java-1.44.0-win32-x64\jre\21.0.8-win32-x86_64\bin\verify.dll

Deoptimization events (20 events):
Event: 7.087 Thread 0x000001ce1370b530 DEOPT PACKING pc=0x000001ce18c8ab8d sp=0x00000010d32f4360
Event: 7.087 Thread 0x000001ce1370b530 DEOPT UNPACKING pc=0x000001ce201778e2 sp=0x00000010d32f3810 mode 0
Event: 7.094 Thread 0x000001ce1370b530 DEOPT PACKING pc=0x000001ce18c8ab8d sp=0x00000010d32f7d00
Event: 7.094 Thread 0x000001ce1370b530 DEOPT UNPACKING pc=0x000001ce201778e2 sp=0x00000010d32f71b0 mode 0
Event: 7.098 Thread 0x000001ce1370b530 Uncommon trap: trap_request=0xffffffc6 fr.pc=0x000001ce206f8c50 relative=0x0000000000000290
Event: 7.098 Thread 0x000001ce1370b530 Uncommon trap: reason=bimorphic_or_optimized_type_check action=maybe_recompile pc=0x000001ce206f8c50 method=java.util.Collections$UnmodifiableCollection$1.next()Ljava/lang/Object; @ 4 c2
Event: 7.098 Thread 0x000001ce1370b530 DEOPT PACKING pc=0x000001ce206f8c50 sp=0x00000010d32f88f0
Event: 7.098 Thread 0x000001ce1370b530 DEOPT UNPACKING pc=0x000001ce20176da2 sp=0x00000010d32f88a0 mode 2
Event: 7.098 Thread 0x000001ce1370b530 Uncommon trap: trap_request=0xffffffc6 fr.pc=0x000001ce206f8c50 relative=0x0000000000000290
Event: 7.098 Thread 0x000001ce1370b530 Uncommon trap: reason=bimorphic_or_optimized_type_check action=maybe_recompile pc=0x000001ce206f8c50 method=java.util.Collections$UnmodifiableCollection$1.next()Ljava/lang/Object; @ 4 c2
Event: 7.098 Thread 0x000001ce1370b530 DEOPT PACKING pc=0x000001ce206f8c50 sp=0x00000010d32f88f0
Event: 7.098 Thread 0x000001ce1370b530 DEOPT UNPACKING pc=0x000001ce20176da2 sp=0x00000010d32f88a0 mode 2
Event: 7.214 Thread 0x000001ce1370b530 Uncommon trap: trap_request=0xffffff45 fr.pc=0x000001ce207401cc relative=0x00000000000000ac
Event: 7.214 Thread 0x000001ce1370b530 Uncommon trap: reason=unstable_if action=reinterpret pc=0x000001ce207401cc method=java.util.concurrent.locks.ReentrantLock$NonfairSync.initialTryLock()Z @ 10 c2
Event: 7.214 Thread 0x000001ce1370b530 DEOPT PACKING pc=0x000001ce207401cc sp=0x00000010d32feda0
Event: 7.214 Thread 0x000001ce1370b530 DEOPT UNPACKING pc=0x000001ce20176da2 sp=0x00000010d32fed30 mode 2
Event: 7.215 Thread 0x000001ce1370b530 Uncommon trap: trap_request=0xffffff45 fr.pc=0x000001ce2073e9b4 relative=0x0000000000000094
Event: 7.215 Thread 0x000001ce1370b530 Uncommon trap: reason=unstable_if action=reinterpret pc=0x000001ce2073e9b4 method=java.util.concurrent.locks.ReentrantLock$Sync.tryRelease(I)Z @ 26 c2
Event: 7.215 Thread 0x000001ce1370b530 DEOPT PACKING pc=0x000001ce2073e9b4 sp=0x00000010d32fee70
Event: 7.215 Thread 0x000001ce1370b530 DEOPT UNPACKING pc=0x000001ce20176da2 sp=0x00000010d32fedf0 mode 2

Classes loaded (20 events):
Event: 7.233 Loading class java/util/concurrent/ScheduledThreadPoolExecutor$DelayedWorkQueue
Event: 7.233 Loading class java/util/concurrent/ScheduledThreadPoolExecutor$DelayedWorkQueue done
Event: 7.233 Loading class java/util/concurrent/RunnableScheduledFuture
Event: 7.233 Loading class java/util/concurrent/RunnableFuture
Event: 7.233 Loading class java/util/concurrent/RunnableFuture done
Event: 7.233 Loading class java/util/concurrent/ScheduledFuture
Event: 7.233 Loading class java/util/concurrent/Delayed
Event: 7.233 Loading class java/util/concurrent/Delayed done
Event: 7.233 Loading class java/util/concurrent/ScheduledFuture done
Event: 7.233 Loading class java/util/concurrent/RunnableScheduledFuture done
Event: 7.235 Loading class java/util/concurrent/ScheduledThreadPoolExecutor$ScheduledFutureTask
Event: 7.235 Loading class java/util/concurrent/FutureTask
Event: 7.235 Loading class java/util/concurrent/FutureTask done
Event: 7.235 Loading class java/util/concurrent/ScheduledThreadPoolExecutor$ScheduledFutureTask done
Event: 7.236 Loading class java/util/concurrent/FutureTask$WaitNode
Event: 7.236 Loading class java/util/concurrent/FutureTask$WaitNode done
Event: 7.236 Loading class java/util/concurrent/Executors$RunnableAdapter
Event: 7.236 Loading class java/util/concurrent/Executors$RunnableAdapter done
Event: 7.236 Loading class java/util/concurrent/ThreadPoolExecutor$Worker
Event: 7.236 Loading class java/util/concurrent/ThreadPoolExecutor$Worker done

Classes unloaded (0 events):
No events

Classes redefined (0 events):
No events

Internal exceptions (20 events):
Event: 3.247 Thread 0x000001ce1370b530 Exception <a 'java/lang/NoSuchMethodError'{0x00000000d6541758}: 'java.lang.Object java.lang.invoke.DirectMethodHandle$Holder.invokeInterface(java.lang.Object, java.lang.Object)'> (0x00000000d6541758) 
thrown [s\src\hotspot\share\interpreter\linkResolver.cpp, line 773]
Event: 3.255 Thread 0x000001ce1370b530 Exception <a 'java/lang/NoSuchMethodError'{0x00000000d6554db0}: 'java.lang.Object java.lang.invoke.Invokers$Holder.invokeExact_MT(java.lang.Object, java.lang.Object, java.lang.Object, java.lang.Object, java.lang.Object, java.lang.Object)'> (0x00000000d6554db0) 
thrown [s\src\hotspot\share\interpreter\linkResolver.cpp, line 773]
Event: 3.265 Thread 0x000001ce1370b530 Exception <a 'java/lang/NoSuchMethodError'{0x00000000d656c008}: 'int java.lang.invoke.DirectMethodHandle$Holder.invokeStatic(java.lang.Object, java.lang.Object, java.lang.Object, java.lang.Object, java.lang.Object)'> (0x00000000d656c008) 
thrown [s\src\hotspot\share\interpreter\linkResolver.cpp, line 773]
Event: 3.318 Thread 0x000001ce1370b530 Exception <a 'java/lang/NoSuchMethodError'{0x00000000d6600520}: 'java.lang.Object java.lang.invoke.DirectMethodHandle$Holder.invokeInterface(java.lang.Object, java.lang.Object, int)'> (0x00000000d6600520) 
thrown [s\src\hotspot\share\interpreter\linkResolver.cpp, line 773]
Event: 3.627 Thread 0x000001ce1370b530 Exception <a 'java/lang/NoSuchMethodError'{0x00000000d6a85468}: 'java.lang.ClassLoader java.lang.ClassLoader.getPlatformClassLoader(java.lang.Class)'> (0x00000000d6a85468) 
thrown [s\src\hotspot\share\interpreter\linkResolver.cpp, line 773]
Event: 3.757 Thread 0x000001ce1370b530 Exception <a 'java/lang/ClassNotFoundException'{0x00000000d559dd28}: sun/net/www/protocol/c/Handler> (0x00000000d559dd28) 
thrown [s\src\hotspot\share\classfile\systemDictionary.cpp, line 312]
Event: 3.757 Thread 0x000001ce1370b530 Exception <a 'java/lang/ClassNotFoundException'{0x00000000d559f140}: sun/net/www/protocol/c/Handler> (0x00000000d559f140) 
thrown [s\src\hotspot\share\classfile\systemDictionary.cpp, line 312]
Event: 3.757 Thread 0x000001ce1370b530 Exception <a 'java/lang/ClassNotFoundException'{0x00000000d55a03a0}: sun/net/www/protocol/c/Handler> (0x00000000d55a03a0) 
thrown [s\src\hotspot\share\classfile\systemDictionary.cpp, line 312]
Event: 3.775 Thread 0x000001ce1370b530 Exception <a 'java/io/FileNotFoundException'{0x00000000d55c9248}> (0x00000000d55c9248) 
thrown [s\src\hotspot\share\prims\jni.cpp, line 520]
Event: 3.821 Thread 0x000001ce1370b530 Implicit null exception at 0x000001ce2071dc49 to 0x000001ce2071e5dc
Event: 3.821 Thread 0x000001ce1370b530 Implicit null exception at 0x000001ce20723b9a to 0x000001ce20723da4
Event: 3.822 Thread 0x000001ce1370b530 Exception <a 'java/lang/NoSuchMethodError'{0x00000000d57b6438}: 'void java.lang.invoke.DirectMethodHandle$Holder.invokeStatic(java.lang.Object, java.lang.Object, java.lang.Object, java.lang.Object)'> (0x00000000d57b6438) 
thrown [s\src\hotspot\share\interpreter\linkResolver.cpp, line 773]
Event: 3.823 Thread 0x000001ce1370b530 Implicit null exception at 0x000001ce2072c71a to 0x000001ce2072c924
Event: 3.824 Thread 0x000001ce1370b530 Implicit null exception at 0x000001ce207217bd to 0x000001ce20721841
Event: 3.917 Thread 0x000001ce1370b530 Exception <a 'java/lang/NoSuchMethodError'{0x00000000d5a518a8}: 'void java.lang.invoke.DirectMethodHandle$Holder.invokeSpecial(java.lang.Object, java.lang.Object, java.lang.Object)'> (0x00000000d5a518a8) 
thrown [s\src\hotspot\share\interpreter\linkResolver.cpp, line 773]
Event: 7.181 Thread 0x000001ce1370b530 Exception <a 'java/lang/NoSuchMethodError'{0x00000000d6449c18}: 'int java.lang.invoke.DirectMethodHandle$Holder.invokeVirtual(java.lang.Object, java.lang.Object)'> (0x00000000d6449c18) 
thrown [s\src\hotspot\share\interpreter\linkResolver.cpp, line 773]
Event: 7.226 Thread 0x000001ce1370b530 Exception <a 'java/lang/NoSuchMethodError'{0x00000000d65c0048}: 'int java.lang.invoke.DirectMethodHandle$Holder.invokeStaticInit(java.lang.Object, java.lang.Object, java.lang.Object, java.lang.Object)'> (0x00000000d65c0048) 
thrown [s\src\hotspot\share\interpreter\linkResolver.cpp, line 773]
Event: 7.227 Thread 0x000001ce1370b530 Exception <a 'java/lang/IncompatibleClassChangeError'{0x00000000d65c84d0}: Found class java.lang.Object, but interface was expected> (0x00000000d65c84d0) 
thrown [s\src\hotspot\share\interpreter\linkResolver.cpp, line 840]
Event: 7.228 Thread 0x000001ce1370b530 Exception <a 'java/lang/NoSuchMethodError'{0x00000000d65ceae0}: 'void java.lang.invoke.DirectMethodHandle$Holder.invokeStaticInit(java.lang.Object, java.lang.Object)'> (0x00000000d65ceae0) 
thrown [s\src\hotspot\share\interpreter\linkResolver.cpp, line 773]
Event: 7.228 Thread 0x000001ce1370b530 Exception <a 'java/lang/NoSuchMethodError'{0x00000000d65d7c48}: 'int java.lang.invoke.DirectMethodHandle$Holder.invokeStaticInit(java.lang.Object, java.lang.Object)'> (0x00000000d65d7c48) 
thrown [s\src\hotspot\share\interpreter\linkResolver.cpp, line 773]

ZGC Phase Switch (0 events):
No events

VM Operations (20 events):
Event: 1.323 Executing VM operation: Cleanup
Event: 1.370 Executing VM operation: Cleanup done
Event: 1.444 Executing VM operation: HandshakeAllThreads (Deoptimize)
Event: 1.444 Executing VM operation: HandshakeAllThreads (Deoptimize) done
Event: 2.454 Executing VM operation: Cleanup
Event: 2.939 Executing VM operation: Cleanup done
Event: 3.032 Executing VM operation: HandshakeAllThreads (Deoptimize)
Event: 3.032 Executing VM operation: HandshakeAllThreads (Deoptimize) done
Event: 3.093 Executing VM operation: HandshakeAllThreads (Deoptimize)
Event: 3.093 Executing VM operation: HandshakeAllThreads (Deoptimize) done
Event: 3.716 Executing VM operation: HandshakeAllThreads (Deoptimize)
Event: 3.716 Executing VM operation: HandshakeAllThreads (Deoptimize) done
Event: 3.740 Executing VM operation: ParallelGCFailedAllocation (Allocation Failure)
Event: 3.750 Executing VM operation: ParallelGCFailedAllocation (Allocation Failure) done
Event: 4.761 Executing VM operation: Cleanup
Event: 5.010 Executing VM operation: Cleanup done
Event: 6.025 Executing VM operation: Cleanup
Event: 6.025 Executing VM operation: Cleanup done
Event: 8.042 Executing VM operation: Cleanup
Event: 8.259 Executing VM operation: Cleanup done

Memory protections (0 events):
No events

Nmethod flushes (0 events):
No events

Events (18 events):
Event: 0.093 Thread 0x000001ce1370b530 Thread added: 0x000001ce1370b530
Event: 0.155 Thread 0x000001ce1370b530 Thread added: 0x000001ce15abcb70
Event: 0.156 Thread 0x000001ce1370b530 Thread added: 0x000001ce15973f60
Event: 0.156 Thread 0x000001ce1370b530 Thread added: 0x000001ce159799b0
Event: 0.157 Thread 0x000001ce1370b530 Thread added: 0x000001ce1597a400
Event: 0.157 Thread 0x000001ce1370b530 Thread added: 0x000001ce1597ae50
Event: 0.157 Thread 0x000001ce1370b530 Thread added: 0x000001ce1597b8a0
Event: 0.157 Thread 0x000001ce1370b530 Thread added: 0x000001ce1597c6d0
Event: 0.164 Thread 0x000001ce1370b530 Thread added: 0x000001ce7303eb00
Event: 0.241 Thread 0x000001ce1370b530 Thread added: 0x000001ce730b88d0
Event: 1.370 Thread 0x000001ce7303eb00 Thread added: 0x000001ce731cea50
Event: 1.736 Thread 0x000001ce1370b530 Thread added: 0x000001ce7331aa70
Event: 3.000 Thread 0x000001ce7303eb00 Thread added: 0x000001ce73789660
Event: 3.411 Thread 0x000001ce73789660 Thread exited: 0x000001ce73789660
Event: 3.411 Thread 0x000001ce731cea50 Thread exited: 0x000001ce731cea50
Event: 3.427 Thread 0x000001ce7303eb00 Thread added: 0x000001ce731cea50
Event: 3.972 Thread 0x000001ce7303eb00 Thread added: 0x000001ce738a6670
Event: 7.236 Thread 0x000001ce1370b530 Thread added: 0x000001ce73b30f00


Dynamic libraries:
0x00007ff7576f0000 - 0x00007ff7576fe000 	c:\Users\harrison.oliviera\.vscode\extensions\redhat.java-1.44.0-win32-x64\jre\21.0.8-win32-x86_64\bin\java.exe
0x00007ffd1f5c0000 - 0x00007ffd1f827000 	C:\WINDOWS\SYSTEM32\ntdll.dll
0x00007ffd1d5d0000 - 0x00007ffd1d699000 	C:\WINDOWS\System32\KERNEL32.DLL
0x00007ffd1ca50000 - 0x00007ffd1ce40000 	C:\WINDOWS\System32\KERNELBASE.dll
0x00007ffd1c870000 - 0x00007ffd1c9bb000 	C:\WINDOWS\System32\ucrtbase.dll
0x00007ffd0e890000 - 0x00007ffd0e8a8000 	c:\Users\harrison.oliviera\.vscode\extensions\redhat.java-1.44.0-win32-x64\jre\21.0.8-win32-x86_64\bin\jli.dll
0x00007ffd1f240000 - 0x00007ffd1f405000 	C:\WINDOWS\System32\USER32.dll
0x00007ffd1cf10000 - 0x00007ffd1cf37000 	C:\WINDOWS\System32\win32u.dll
0x00007ffd1d3b0000 - 0x00007ffd1d3db000 	C:\WINDOWS\System32\GDI32.dll
0x00007ffd1d210000 - 0x00007ffd1d348000 	C:\WINDOWS\System32\gdi32full.dll
0x00007ffd1cf40000 - 0x00007ffd1cfe3000 	C:\WINDOWS\System32\msvcp_win.dll
0x00007ffd0e6c0000 - 0x00007ffd0e6de000 	c:\Users\harrison.oliviera\.vscode\extensions\redhat.java-1.44.0-win32-x64\jre\21.0.8-win32-x86_64\bin\VCRUNTIME140.dll
0x00007ffd061c0000 - 0x00007ffd0645a000 	C:\WINDOWS\WinSxS\amd64_microsoft.windows.common-controls_6595b64144ccf1df_6.0.26100.4768_none_3e0c112ce331287c\COMCTL32.dll
0x00007ffd1dcf0000 - 0x00007ffd1dd99000 	C:\WINDOWS\System32\msvcrt.dll
0x00007ffd1e830000 - 0x00007ffd1e85f000 	C:\WINDOWS\System32\IMM32.DLL
0x00007ffd13700000 - 0x00007ffd1370c000 	c:\Users\harrison.oliviera\.vscode\extensions\redhat.java-1.44.0-win32-x64\jre\21.0.8-win32-x86_64\bin\vcruntime140_1.dll
0x00007ffce2a60000 - 0x00007ffce2aed000 	c:\Users\harrison.oliviera\.vscode\extensions\redhat.java-1.44.0-win32-x64\jre\21.0.8-win32-x86_64\bin\msvcp140.dll
0x00007ffc5f5a0000 - 0x00007ffc60337000 	c:\Users\harrison.oliviera\.vscode\extensions\redhat.java-1.44.0-win32-x64\jre\21.0.8-win32-x86_64\bin\server\jvm.dll
0x00007ffd1ddb0000 - 0x00007ffd1de64000 	C:\WINDOWS\System32\ADVAPI32.dll
0x00007ffd1f010000 - 0x00007ffd1f0b6000 	C:\WINDOWS\System32\sechost.dll
0x00007ffd1e710000 - 0x00007ffd1e828000 	C:\WINDOWS\System32\RPCRT4.dll
0x00007ffd1f1c0000 - 0x00007ffd1f234000 	C:\WINDOWS\System32\WS2_32.dll
0x00007ffd1c550000 - 0x00007ffd1c5ae000 	C:\WINDOWS\SYSTEM32\POWRPROF.dll
0x00007ffd135d0000 - 0x00007ffd13605000 	C:\WINDOWS\SYSTEM32\WINMM.dll
0x00007ffd0d3b0000 - 0x00007ffd0d3bb000 	C:\WINDOWS\SYSTEM32\VERSION.dll
0x00007ffd1c530000 - 0x00007ffd1c544000 	C:\WINDOWS\SYSTEM32\UMPDC.dll
0x00007ffd1b430000 - 0x00007ffd1b44b000 	C:\WINDOWS\SYSTEM32\kernel.appcore.dll
0x00007ffd10210000 - 0x00007ffd1021a000 	c:\Users\harrison.oliviera\.vscode\extensions\redhat.java-1.44.0-win32-x64\jre\21.0.8-win32-x86_64\bin\jimage.dll
0x00007ffd19b30000 - 0x00007ffd19d71000 	C:\WINDOWS\SYSTEM32\DBGHELP.DLL
0x00007ffd1d840000 - 0x00007ffd1dbc5000 	C:\WINDOWS\System32\combase.dll
0x00007ffd1d6a0000 - 0x00007ffd1d780000 	C:\WINDOWS\System32\OLEAUT32.dll
0x00007ffcfe2b0000 - 0x00007ffcfe2f3000 	C:\WINDOWS\SYSTEM32\dbgcore.DLL
0x00007ffd1cff0000 - 0x00007ffd1d089000 	C:\WINDOWS\System32\bcryptPrimitives.dll
0x00007ffd10420000 - 0x00007ffd1042f000 	c:\Users\harrison.oliviera\.vscode\extensions\redhat.java-1.44.0-win32-x64\jre\21.0.8-win32-x86_64\bin\instrument.dll
0x00007ffd0e4b0000 - 0x00007ffd0e4cf000 	c:\Users\harrison.oliviera\.vscode\extensions\redhat.java-1.44.0-win32-x64\jre\21.0.8-win32-x86_64\bin\java.dll
0x00007ffd1e8c0000 - 0x00007ffd1f00d000 	C:\WINDOWS\System32\SHELL32.dll
0x00007ffd1d090000 - 0x00007ffd1d203000 	C:\WINDOWS\System32\wintypes.dll
0x00007ffd1a290000 - 0x00007ffd1aaef000 	C:\WINDOWS\SYSTEM32\windows.storage.dll
0x00007ffd1e580000 - 0x00007ffd1e675000 	C:\WINDOWS\System32\SHCORE.dll
0x00007ffd1e6a0000 - 0x00007ffd1e70a000 	C:\WINDOWS\System32\shlwapi.dll
0x00007ffd1c610000 - 0x00007ffd1c639000 	C:\WINDOWS\SYSTEM32\profapi.dll
0x00007ffd0e0e0000 - 0x00007ffd0e0f8000 	c:\Users\harrison.oliviera\.vscode\extensions\redhat.java-1.44.0-win32-x64\jre\21.0.8-win32-x86_64\bin\zip.dll
0x00007ffd10410000 - 0x00007ffd10420000 	C:\Users\harrison.oliviera\.vscode\extensions\redhat.java-1.44.0-win32-x64\jre\21.0.8-win32-x86_64\bin\net.dll
0x00007ffd13340000 - 0x00007ffd1345e000 	C:\WINDOWS\SYSTEM32\WINHTTP.dll
0x00007ffd1b9a0000 - 0x00007ffd1ba0b000 	C:\WINDOWS\system32\mswsock.dll
0x00007ffd103f0000 - 0x00007ffd10406000 	C:\Users\harrison.oliviera\.vscode\extensions\redhat.java-1.44.0-win32-x64\jre\21.0.8-win32-x86_64\bin\nio.dll
0x00007ffd0f0f0000 - 0x00007ffd0f100000 	c:\Users\harrison.oliviera\.vscode\extensions\redhat.java-1.44.0-win32-x64\jre\21.0.8-win32-x86_64\bin\verify.dll

JVMTI agents:
c:\Users\harrison.oliviera\.vscode\extensions\redhat.java-1.44.0-win32-x64\lombok\lombok-1.18.39-4050.jar path:c:\Users\harrison.oliviera\.vscode\extensions\redhat.java-1.44.0-win32-x64\jre\21.0.8-win32-x86_64\bin\instrument.dll, loaded, initialized, instrumentlib options:none

dbghelp: loaded successfully - version: 4.0.5 - missing functions: none
symbol engine: initialized successfully - sym options: 0x614 - pdb path: .;c:\Users\harrison.oliviera\.vscode\extensions\redhat.java-1.44.0-win32-x64\jre\21.0.8-win32-x86_64\bin;C:\WINDOWS\SYSTEM32;C:\WINDOWS\WinSxS\amd64_microsoft.windows.common-controls_6595b64144ccf1df_6.0.26100.4768_none_3e0c112ce331287c;c:\Users\harrison.oliviera\.vscode\extensions\redhat.java-1.44.0-win32-x64\jre\21.0.8-win32-x86_64\bin\server

VM Arguments:
jvm_args: --add-modules=ALL-SYSTEM --add-opens=java.base/java.util=ALL-UNNAMED --add-opens=java.base/java.lang=ALL-UNNAMED --add-opens=java.base/sun.nio.fs=ALL-UNNAMED -Declipse.application=org.eclipse.jdt.ls.core.id1 -Dosgi.bundles.defaultStartLevel=4 -Declipse.product=org.eclipse.jdt.ls.core.product -Djava.import.generatesMetadataFilesAtProjectRoot=false -DDetectVMInstallationsJob.disabled=true -Dfile.encoding=utf8 -XX:+UseParallelGC -XX:GCTimeRatio=4 -XX:AdaptiveSizePolicyWeight=90 -Dsun.zip.disableMemoryMapping=true -Xmx2G -Xms100m -Xlog:disable -javaagent:c:\Users\harrison.oliviera\.vscode\extensions\redhat.java-1.44.0-win32-x64\lombok\lombok-1.18.39-4050.jar -XX:+HeapDumpOnOutOfMemoryError -XX:HeapDumpPath=c:\Users\harrison.oliviera\AppData\Roaming\Code\User\workspaceStorage\60b0f742b31fef2e49c2b1c279e96e0e\redhat.java -Daether.dependencyCollector.impl=bf 
java_command: c:\Users\harrison.oliviera\.vscode\extensions\redhat.java-1.44.0-win32-x64\server\plugins\org.eclipse.equinox.launcher_1.7.0.v20250519-0528.jar -configuration c:\Users\harrison.oliviera\AppData\Roaming\Code\User\globalStorage\redhat.java\1.44.0\config_win -data c:\Users\harrison.oliviera\AppData\Roaming\Code\User\workspaceStorage\60b0f742b31fef2e49c2b1c279e96e0e\redhat.java\jdt_ws --pipe=\\.\pipe\lsp-269f0afe941087e25e71439f4936c118-sock
java_class_path (initial): c:\Users\harrison.oliviera\.vscode\extensions\redhat.java-1.44.0-win32-x64\server\plugins\org.eclipse.equinox.launcher_1.7.0.v20250519-0528.jar
Launcher Type: SUN_STANDARD

[Global flags]
    uintx AdaptiveSizePolicyWeight                 = 90                                        {product} {command line}
     intx CICompilerCount                          = 4                                         {product} {ergonomic}
    uintx GCTimeRatio                              = 4                                         {product} {command line}
     bool HeapDumpOnOutOfMemoryError               = true                                   {manageable} {command line}
    ccstr HeapDumpPath                             = c:\Users\harrison.oliviera\AppData\Roaming\Code\User\workspaceStorage\60b0f742b31fef2e49c2b1c279e96e0e\redhat.java         {manageable} {command line}
   size_t InitialHeapSize                          = 104857600                                 {product} {command line}
   size_t MaxHeapSize                              = 2147483648                                {product} {command line}
   size_t MaxNewSize                               = 715653120                                 {product} {ergonomic}
   size_t MinHeapDeltaBytes                        = 524288                                    {product} {ergonomic}
   size_t MinHeapSize                              = 104857600                                 {product} {command line}
   size_t NewSize                                  = 34603008                                  {product} {ergonomic}
    uintx NonNMethodCodeHeapSize                   = 5839372                                {pd product} {ergonomic}
    uintx NonProfiledCodeHeapSize                  = 122909434                              {pd product} {ergonomic}
   size_t OldSize                                  = 70254592                                  {product} {ergonomic}
    uintx ProfiledCodeHeapSize                     = 122909434                              {pd product} {ergonomic}
    uintx ReservedCodeCacheSize                    = 251658240                              {pd product} {ergonomic}
     bool SegmentedCodeCache                       = true                                      {product} {ergonomic}
   size_t SoftMaxHeapSize                          = 2147483648                             {manageable} {ergonomic}
     bool UseCompressedOops                        = true                           {product lp64_product} {ergonomic}
     bool UseLargePagesIndividualAllocation        = false                                  {pd product} {ergonomic}
     bool UseParallelGC                            = true                                      {product} {command line}

Logging:
Log output configuration:
 #0: stdout all=off uptime,level,tags foldmultilines=false
 #1: stderr all=off uptime,level,tags foldmultilines=false

Environment Variables:
JAVA_HOME=C:\Program Files\Java
PATH=C:\Program Files\Microsoft SDKs\Azure\CLI2\wbin;C:\Program Files\Microsoft MPI\Bin\;C:\Program Files\Common Files\Oracle\Java\javapath;C:\Program Files (x86)\Common Files\Oracle\Java\java8path;C:\Program Files (x86)\Common Files\Oracle\Java\javapath;C:\WINDOWS\system32;C:\WINDOWS;C:\WINDOWS\System32\Wbem;C:\WINDOWS\System32\WindowsPowerShell\v1.0\;C:\WINDOWS\System32\OpenSSH\;C:\Program Files\dotnet\;C:\Maven\bin\bin;C:\Program Files\Java\jdk-17\bin\bin;C:\Program Files\Docker\Docker\resources\bin;C:\Program Files (x86)\Microsoft SQL Server\160\DTS\Binn\;C:\Program Files (x86)\Microsoft SQL Server\160\Tools\Binn\;C:\Program Files\Microsoft SQL Server\160\Tools\Binn\;C:\Program Files\Microsoft SQL Server\Client SDK\ODBC\170\Tools\Binn\;C:\Program Files\Microsoft SQL Server\160\DTS\Binn\;C:\kubelogin;C:\Program Files\Microsoft SQL Server\150\Tools\Binn\;C:\Program Files\Git\cmd;C:\Program Files (x86)\Windows Kits\10\Windows Performance Toolkit\;C:\Program Files\nodejs\;C:\Windows\system32\config\systemprofile\AppData\Local\Microsoft\WindowsApps;C:\Program Files\JetBrains\IntelliJ IDEA 2024.2.3\bin;C:\Users\harrison.oliviera\AppData\Local\Programs\Microsoft VS Code\bin;C:\Users\harrison.oliviera\AppData\Local\Programs\Lens\resources\cli\bin;C:\Users\harrison.oliviera\AppData\Local\Microsoft\WindowsApps;C:\Users\harrison.oliviera\AppData\Local\Microsoft\WinGet\Links;C:\Users\harrison.oliviera\.azure-kubectl;C:\kubelogin;C:\Users\harrison.oliviera\.dotnet\tools;C:\Users\harrison.oliviera\AppData\Local\JetBrains\Toolbox\scripts;;C:\Program Files\JetBrains\IntelliJ IDEA 2025.1.1.1\bin;;C:\Users\harrison.oliviera\.fly\bin;C:\Users\harrison.oliviera\AppData\Roaming\npm
USERNAME=harrisson.oliviera
OS=Windows_NT
PROCESSOR_IDENTIFIER=Intel64 Family 6 Model 140 Stepping 1, GenuineIntel
TMP=C:\Users\HARRIS~1.OLI\AppData\Local\Temp
TEMP=C:\Users\HARRIS~1.OLI\AppData\Local\Temp




Periodic native trim disabled

---------------  S Y S T E M  ---------------

OS:
 Windows 11 , 64 bit Build 26100 (10.0.26100.4768)
OS uptime: 12 days 6:20 hours
Hyper-V role detected

CPU: total 8 (initial active 8) (4 cores per cpu, 2 threads per core) family 6 model 140 stepping 1 microcode 0xb4, cx8, cmov, fxsr, ht, mmx, 3dnowpref, sse, sse2, sse3, ssse3, sse4.1, sse4.2, popcnt, lzcnt, tsc, tscinvbit, avx, avx2, aes, erms, clmul, bmi1, bmi2, adx, avx512f, avx512dq, avx512cd, avx512bw, avx512vl, sha, fma, vzeroupper, avx512_vpopcntdq, avx512_vpclmulqdq, avx512_vaes, avx512_vnni, clflush, clflushopt, clwb, avx512_vbmi2, avx512_vbmi, hv, rdtscp, rdpid, fsrm, gfni, avx512_bitalg, f16c, cet_ibt, cet_ss, avx512_ifma
Processor Information for the first 8 processors :
  Max Mhz: 1382, Current Mhz: 1382, Mhz Limit: 1382

Memory: 4k page, system-wide physical 16126M (1621M free)
TotalPageFile size 46337M (AvailPageFile size 22M)
current process WorkingSet (physical memory assigned to process): 90M, peak: 90M
current process commit charge ("private bytes"): 241M, peak: 241M

vm_info: OpenJDK 64-Bit Server VM (21.0.8+9-LTS) for windows-amd64 JRE (21.0.8+9-LTS), built on 2025-07-15T00:00:00Z by "admin" with MS VC++ 17.7 (VS2022)

END.
